<?xml version="1.0" encoding="UTF-8"?>
<!-- Generated by org.testng.reporters.JUnitReportReporter -->
<testsuite hostname="DESKTOP-1TP3G9S" failures="0" tests="1" name="com.tka.basic.BasicTest" time="0.009" errors="0" timestamp="2024-06-04T14:54:23 IST" skipped="0">
  <testcase classname="com.tka.basic.BasicTest" name="ab1" time="0.009"/>
</testsuite> <!-- com.tka.basic.BasicTest -->
