<?xml version="1.0" encoding="UTF-8"?>
<!-- Generated by org.testng.reporters.JUnitReportReporter -->
<testsuite hostname="DESKTOP-1TP3G9S" failures="0" tests="2" name="com.tka.signup.SignUp" time="0.002" errors="0" timestamp="2024-06-04T14:50:33 IST" skipped="1">
  <testcase classname="com.tka.signup.SignUp" name="fnameTest" time="0.002"/>
  <testcase classname="com.tka.signup.SignUp" name="lnameTest">
    <skipped/>
  </testcase> <!-- lnameTest -->
</testsuite> <!-- com.tka.signup.SignUp -->
