<?xml version="1.0" encoding="UTF-8"?>
<!-- Generated by org.testng.reporters.JUnitReportReporter -->
<testsuite hostname="DESKTOP-1TP3G9S" failures="0" tests="1" name="com.tka.basic.LoginTest" time="0.001" errors="0" timestamp="2024-06-04T14:50:33 IST" skipped="0">
  <testcase classname="com.tka.basic.LoginTest" name="usernameTest" time="0.001"/>
</testsuite> <!-- com.tka.basic.LoginTest -->
